app/build/intermediates/manifest_merge_blame_file/debug/manifest-merger-blame-debug-report.txt
1<?xml version="1.0" encoding="utf-8"?>
2<manifest xmlns:android="http://schemas.android.com/apk/res/android"
3    package="com.azhar.biodatasiswa"
4    android:versionCode="1"
5    android:versionName="1.0" >
6
7    <uses-sdk
8        android:minSdkVersion="21"
8-->src\main\AndroidManifest.xml
9        android:targetSdkVersion="31" />
9-->src\main\AndroidManifest.xml
10
11    <application
11-->src\main\AndroidManifest.xml:5:5-37:19
12        android:allowBackup="true"
12-->src\main\AndroidManifest.xml:6:9-35
13        android:appComponentFactory="androidx.core.app.CoreComponentFactory"
13-->[androidx.core:core:1.1.0] AndroidManifest.xml:24:18-86
14        android:debuggable="true"
15        android:icon="@mipmap/ic_launcher"
15-->src\main\AndroidManifest.xml:7:9-43
16        android:label="@string/app_name"
16-->src\main\AndroidManifest.xml:8:9-41
17        android:roundIcon="@mipmap/ic_launcher_round"
17-->src\main\AndroidManifest.xml:9:9-54
18        android:supportsRtl="true"
18-->src\main\AndroidManifest.xml:10:9-35
19        android:theme="@style/AppTheme" >
19-->src\main\AndroidManifest.xml:11:9-40
20        <activity
20-->src\main\AndroidManifest.xml:12:9-14:40
21            android:name="com.azhar.biodatasiswa.activities.SettingActivity"
21-->src\main\AndroidManifest.xml:13:13-55
22            android:exported="false" />
22-->src\main\AndroidManifest.xml:14:13-37
23        <activity
23-->src\main\AndroidManifest.xml:15:9-17:40
24            android:name="com.azhar.biodatasiswa.activities.InfoActivity"
24-->src\main\AndroidManifest.xml:16:13-52
25            android:exported="false" />
25-->src\main\AndroidManifest.xml:17:13-37
26        <activity
26-->src\main\AndroidManifest.xml:18:9-20:40
27            android:name="com.azhar.biodatasiswa.activities.AboutActivity"
27-->src\main\AndroidManifest.xml:19:13-53
28            android:exported="false" />
28-->src\main\AndroidManifest.xml:20:13-37
29        <activity
29-->src\main\AndroidManifest.xml:21:9-31:20
30            android:name="com.azhar.biodatasiswa.SplashScreen"
30-->src\main\AndroidManifest.xml:22:13-41
31            android:exported="true"
31-->src\main\AndroidManifest.xml:23:13-36
32            android:label="@string/app_name"
32-->src\main\AndroidManifest.xml:24:13-45
33            android:theme="@style/AppTheme.NoActionBar" >
33-->src\main\AndroidManifest.xml:25:13-56
34            <intent-filter>
34-->src\main\AndroidManifest.xml:26:13-30:29
35                <action android:name="android.intent.action.MAIN" />
35-->src\main\AndroidManifest.xml:27:17-69
35-->src\main\AndroidManifest.xml:27:25-66
36
37                <category android:name="android.intent.category.LAUNCHER" />
37-->src\main\AndroidManifest.xml:29:17-77
37-->src\main\AndroidManifest.xml:29:27-74
38            </intent-filter>
39        </activity>
40        <activity android:name="com.azhar.biodatasiswa.activities.MainActivity" />
40-->src\main\AndroidManifest.xml:32:9-61
40-->src\main\AndroidManifest.xml:32:19-58
41        <activity android:name="com.azhar.biodatasiswa.activities.TambahKelasActivity" />
41-->src\main\AndroidManifest.xml:33:9-68
41-->src\main\AndroidManifest.xml:33:19-65
42        <activity android:name="com.azhar.biodatasiswa.activities.UpdateKelasActivity" />
42-->src\main\AndroidManifest.xml:34:9-68
42-->src\main\AndroidManifest.xml:34:19-65
43        <activity android:name="com.azhar.biodatasiswa.activities.ListSiswaActivity" />
43-->src\main\AndroidManifest.xml:35:9-66
43-->src\main\AndroidManifest.xml:35:19-63
44        <activity android:name="com.azhar.biodatasiswa.activities.TambahSiswaActivity" />
44-->src\main\AndroidManifest.xml:36:9-68
44-->src\main\AndroidManifest.xml:36:19-65
45    </application>
46
47</manifest>